  snake.cpp
D:\SFML Project\SFML_PROJECT_3\SFML_PROJECT_3\snake.cpp(88,29): warning C4244: '=': conversion from 'const T' to 'int', possible loss of data
          with
          [
              T=float
          ]
D:\SFML Project\SFML_PROJECT_3\SFML_PROJECT_3\snake.cpp(89,29): warning C4244: '=': conversion from 'const T' to 'int', possible loss of data
          with
          [
              T=float
          ]
D:\SFML Project\SFML_PROJECT_3\SFML_PROJECT_3\snake.cpp(93,42): warning C4244: '=': conversion from 'const T' to 'int', possible loss of data
          with
          [
              T=float
          ]
D:\SFML Project\SFML_PROJECT_3\SFML_PROJECT_3\snake.cpp(94,42): warning C4244: '=': conversion from 'const T' to 'int', possible loss of data
          with
          [
              T=float
          ]
D:\SFML Project\SFML_PROJECT_3\SFML_PROJECT_3\snake.cpp(282,40): warning C4244: 'argument': conversion from 'int' to 'float', possible loss of data
D:\SFML Project\SFML_PROJECT_3\SFML_PROJECT_3\snake.cpp(282,33): warning C4244: 'argument': conversion from 'int' to 'float', possible loss of data
D:\SFML Project\SFML_PROJECT_3\SFML_PROJECT_3\snake.cpp(286,40): warning C4244: 'argument': conversion from 'int' to 'float', possible loss of data
D:\SFML Project\SFML_PROJECT_3\SFML_PROJECT_3\snake.cpp(286,33): warning C4244: 'argument': conversion from 'int' to 'float', possible loss of data
D:\SFML Project\SFML_PROJECT_3\SFML_PROJECT_3\snake.cpp(321,26): warning C4267: 'initializing': conversion from 'size_t' to 'int', possible loss of data
  main.cpp
D:\SFML Project\SFML_PROJECT_3\SFML_PROJECT_3\main.cpp(6,12): warning C4244: 'argument': conversion from 'time_t' to 'unsigned int', possible loss of data
  Generating code
  236 of 242 functions (97.5%) were compiled, the rest were copied from previous compilation.
    0 functions were new in current compilation
    1 functions had inline decision re-evaluated but remain unchanged
  Finished generating code
  SFML_PROJECT_3.vcxproj -> D:\SFML Project\SFML_PROJECT_3\x64\Release\SFML_PROJECT_3.exe
